2026-03-29 21:22:49 | INFO     | camo_supervisor | [main_async_generate_all] Plan de charge initial | payload={"tuning": {"attempt_batch_size": 1, "machine_intensity": 0.9, "max_workers": 1, "parallel_attempts": false, "reason": "test"}}
2026-03-29 21:22:49 | INFO     | camo_supervisor | [main_async_generate_all] Plan de charge initial | payload={"tuning": {"attempt_batch_size": 2, "machine_intensity": 0.9, "max_workers": 2, "parallel_attempts": true, "reason": "test"}}
2026-03-29 21:22:49 | INFO     | camo_supervisor | [main_async_generate_all] Plan de charge initial | payload={"tuning": {"attempt_batch_size": 1, "machine_intensity": 0.9, "max_workers": 1, "parallel_attempts": false, "reason": "test"}}
2026-03-29 21:22:49 | INFO     | camo_supervisor | [main_generate_all] Plan de charge initial | payload={"tuning": {"attempt_batch_size": 1, "machine_intensity": 0.9, "max_workers": 1, "parallel_attempts": false, "reason": "test"}}
2026-03-29 21:22:49 | INFO     | camo_supervisor | [main_generate_all] Plan de charge initial | payload={"tuning": {"attempt_batch_size": 2, "machine_intensity": 0.9, "max_workers": 2, "parallel_attempts": true, "reason": "test"}}
2026-03-29 21:22:49 | INFO     | camo_supervisor | [main_generate_all] Plan de charge initial | payload={"tuning": {"attempt_batch_size": 1, "machine_intensity": 0.9, "max_workers": 1, "parallel_attempts": false, "reason": "test"}}
2026-03-29 21:22:49 | INFO     | camo_supervisor | [main_generate_all] Plan de charge initial | payload={"tuning": {"attempt_batch_size": 1, "machine_intensity": 0.9, "max_workers": 1, "parallel_attempts": false, "reason": "test"}}
2026-03-29 21:22:49 | INFO     | camo_supervisor | [main_preflight] Préflight local validé | payload={"snapshot": {"cpu_count": 4.0, "disk_free_mb": 1024.0, "machine_intensity": 0.94, "process_cpu_percent": 10.0, "process_rss_mb": 128.0, "system_available_mb": 8192.0, "system_cpu_percent": 20.0, "system_total_mb": 32768.0, "ts": 1.0}}
2026-03-29 21:22:55 | INFO     | camo_supervisor | [start] Arrêt de l'interface Kivy
2026-03-29 21:30:16 | INFO     | camo_supervisor | [main_async_generate_all] Plan de charge initial | payload={"tuning": {"attempt_batch_size": 1, "machine_intensity": 0.9, "max_workers": 1, "parallel_attempts": false, "reason": "test"}}
2026-03-29 21:30:16 | INFO     | camo_supervisor | [main_async_generate_all] Plan de charge initial | payload={"tuning": {"attempt_batch_size": 2, "machine_intensity": 0.9, "max_workers": 2, "parallel_attempts": true, "reason": "test"}}
2026-03-29 21:30:16 | INFO     | camo_supervisor | [main_async_generate_all] Plan de charge initial | payload={"tuning": {"attempt_batch_size": 1, "machine_intensity": 0.9, "max_workers": 1, "parallel_attempts": false, "reason": "test"}}
2026-03-29 21:30:17 | INFO     | camo_supervisor | [main_generate_all] Plan de charge initial | payload={"tuning": {"attempt_batch_size": 1, "machine_intensity": 0.9, "max_workers": 1, "parallel_attempts": false, "reason": "test"}}
2026-03-29 21:30:17 | INFO     | camo_supervisor | [main_generate_all] Plan de charge initial | payload={"tuning": {"attempt_batch_size": 2, "machine_intensity": 0.9, "max_workers": 2, "parallel_attempts": true, "reason": "test"}}
2026-03-29 21:30:17 | INFO     | camo_supervisor | [main_generate_all] Plan de charge initial | payload={"tuning": {"attempt_batch_size": 1, "machine_intensity": 0.9, "max_workers": 1, "parallel_attempts": false, "reason": "test"}}
2026-03-29 21:30:17 | INFO     | camo_supervisor | [main_generate_all] Plan de charge initial | payload={"tuning": {"attempt_batch_size": 1, "machine_intensity": 0.9, "max_workers": 1, "parallel_attempts": false, "reason": "test"}}
2026-03-29 21:30:17 | INFO     | camo_supervisor | [main_preflight] Préflight local validé | payload={"snapshot": {"cpu_count": 4.0, "disk_free_mb": 1024.0, "machine_intensity": 0.94, "process_cpu_percent": 10.0, "process_rss_mb": 128.0, "system_available_mb": 8192.0, "system_cpu_percent": 20.0, "system_total_mb": 32768.0, "ts": 1.0}}
2026-03-29 21:30:21 | INFO     | camo_supervisor | [start] Arrêt de l'interface Kivy
2026-03-29 21:40:25 | INFO     | camo_supervisor | [main_async_generate_all] Plan de charge initial | payload={"tuning": {"attempt_batch_size": 1, "machine_intensity": 0.9, "max_workers": 1, "parallel_attempts": false, "reason": "test"}}
2026-03-29 21:40:25 | INFO     | camo_supervisor | [main_async_generate_all] Plan de charge initial | payload={"tuning": {"attempt_batch_size": 2, "machine_intensity": 0.9, "max_workers": 2, "parallel_attempts": true, "reason": "test"}}
2026-03-29 21:40:25 | INFO     | camo_supervisor | [main_async_generate_all] Plan de charge initial | payload={"tuning": {"attempt_batch_size": 1, "machine_intensity": 0.9, "max_workers": 1, "parallel_attempts": false, "reason": "test"}}
2026-03-29 21:40:25 | INFO     | camo_supervisor | [main_generate_all] Plan de charge initial | payload={"tuning": {"attempt_batch_size": 1, "machine_intensity": 0.9, "max_workers": 1, "parallel_attempts": false, "reason": "test"}}
2026-03-29 21:40:25 | INFO     | camo_supervisor | [main_generate_all] Plan de charge initial | payload={"tuning": {"attempt_batch_size": 2, "machine_intensity": 0.9, "max_workers": 2, "parallel_attempts": true, "reason": "test"}}
2026-03-29 21:40:26 | INFO     | camo_supervisor | [main_generate_all] Plan de charge initial | payload={"tuning": {"attempt_batch_size": 1, "machine_intensity": 0.9, "max_workers": 1, "parallel_attempts": false, "reason": "test"}}
2026-03-29 21:40:26 | INFO     | camo_supervisor | [main_generate_all] Plan de charge initial | payload={"tuning": {"attempt_batch_size": 1, "machine_intensity": 0.9, "max_workers": 1, "parallel_attempts": false, "reason": "test"}}
2026-03-29 21:40:26 | INFO     | camo_supervisor | [main_preflight] Préflight local validé | payload={"snapshot": {"cpu_count": 4.0, "disk_free_mb": 1024.0, "machine_intensity": 0.94, "process_cpu_percent": 10.0, "process_rss_mb": 128.0, "system_available_mb": 8192.0, "system_cpu_percent": 20.0, "system_total_mb": 32768.0, "ts": 1.0}}
2026-03-29 21:40:28 | INFO     | camo_supervisor | [start] Arrêt de l'interface Kivy
